#
# There is insufficient memory for the Java Runtime Environment to continue.
# Native memory allocation (mmap) failed to map 257949696 bytes. Error detail: G1 virtual space
# Possible reasons:
#   The system is out of physical RAM or swap space
#   This process is running with CompressedOops enabled, and the Java Heap may be blocking the growth of the native heap
# Possible solutions:
#   Reduce memory load on the system
#   Increase physical memory or swap space
#   Check if swap backing store is full
#   Decrease Java heap size (-Xmx/-Xms)
#   Decrease number of Java threads
#   Decrease Java thread stack sizes (-Xss)
#   Set larger code cache with -XX:ReservedCodeCacheSize=
#   JVM is running with Zero Based Compressed Oops mode in which the Java heap is
#     placed in the first 32GB address space. The Java Heap base address is the
#     maximum limit for the native heap growth. Please use -XX:HeapBaseMinAddress
#     to set the Java Heap base and to place the Java Heap above 32GB virtual address.
# This output file may be truncated or incomplete.
#
#  Out of Memory Error (os_windows.cpp:3710), pid=25704, tid=6208
#
# JRE version:  (17.0.15+6) (build )
# Java VM: OpenJDK 64-Bit Server VM (17.0.15+6-LTS, mixed mode, sharing, tiered, compressed oops, compressed class ptrs, g1 gc, windows-amd64)
# No core dump will be written. Minidumps are not enabled by default on client versions of Windows
#

---------------  S U M M A R Y ------------

Command Line: org.jetbrains.kotlin.cli.jvm.K2JVMCompiler @C:\Users\InfoTungston\Desktop\tijara\node_modules\@react-native-community\datetimepicker\android\build\20250627_6990756298416029714.compiler.options

Host: AMD Ryzen 7 5700G with Radeon Graphics         , 16 cores, 15G,  Windows 11 , 64 bit Build 26100 (10.0.26100.4202)
Time: Fri Jun 27 15:13:08 2025 India Standard Time elapsed time: 2.060143 seconds (0d 0h 0m 2s)

---------------  T H R E A D  ---------------

Current thread (0x0000024f15c01040):  JavaThread "Unknown thread" [_thread_in_vm, id=6208, stack(0x0000005a04400000,0x0000005a04500000)]

Stack: [0x0000005a04400000,0x0000005a04500000]
Native frames: (J=compiled Java code, j=interpreted, Vv=VM code, C=native code)
V  [jvm.dll+0x6887a9]
V  [jvm.dll+0x83f5a8]
V  [jvm.dll+0x841053]
V  [jvm.dll+0x8416c3]
V  [jvm.dll+0x2496ef]
V  [jvm.dll+0x6856e9]
V  [jvm.dll+0x679b7a]
V  [jvm.dll+0x30b0d7]
V  [jvm.dll+0x312646]
V  [jvm.dll+0x36300e]
V  [jvm.dll+0x36324d]
V  [jvm.dll+0x2e236c]
V  [jvm.dll+0x2e3284]
V  [jvm.dll+0x8114db]
V  [jvm.dll+0x370d21]
V  [jvm.dll+0x7f011f]
V  [jvm.dll+0x3f781e]
V  [jvm.dll+0x3f9351]
C  [jli.dll+0x52a0]
C  [ucrtbase.dll+0x37b0]
C  [KERNEL32.DLL+0x2e8d7]
C  [ntdll.dll+0x3c34c]


---------------  P R O C E S S  ---------------

Threads class SMR info:
_java_thread_list=0x00007fff2f01efd8, length=0, elements={
}

Java Threads: ( => current thread )

Other Threads:
  0x0000024f15c6d800 GCTaskThread "GC Thread#0" [stack: 0x0000005a04500000,0x0000005a04600000] [id=10000]
  0x0000024f15c7fb20 ConcurrentGCThread "G1 Main Marker" [stack: 0x0000005a04600000,0x0000005a04700000] [id=2424]
  0x0000024f15c80440 ConcurrentGCThread "G1 Conc#0" [stack: 0x0000005a04700000,0x0000005a04800000] [id=15992]

[error occurred during error reporting (printing all threads), id 0xc0000005, EXCEPTION_ACCESS_VIOLATION (0xc0000005) at pc=0x00007fff2e7d2ec7]

VM state: not at safepoint (not fully initialized)

VM Mutex/Monitor currently owned by a thread:  ([mutex/lock_event])
[0x0000024f15bfec10] Heap_lock - owner thread: 0x0000024f15c01040

Heap address: 0x000000070b400000, size: 3916 MB, Compressed Oops mode: Zero based, Oop shift amount: 3

CDS archive(s) mapped at: [0x0000000000000000-0x0000000000000000-0x0000000000000000), size 0, SharedBaseAddress: 0x0000000800000000, ArchiveRelocationMode: 1.
Narrow klass base: 0x0000000000000000, Narrow klass shift: 0, Narrow klass range: 0x0

GC Precious Log:
<Empty>

Heap:
 garbage-first heap   total 0K, used 0K [0x000000070b400000, 0x0000000800000000)
  region size 2048K, 0 young (0K), 0 survivors (0K)

[error occurred during error reporting (printing heap information), id 0xc0000005, EXCEPTION_ACCESS_VIOLATION (0xc0000005) at pc=0x00007fff2ebc2339]

GC Heap History (0 events):
No events

Dll operation events (1 events):
Event: 0.038 Loaded shared library C:\Program Files\Microsoft\jdk-17.0.15.6-hotspot\bin\java.dll

Deoptimization events (0 events):
No events

Classes loaded (0 events):
No events

Classes unloaded (0 events):
No events

Classes redefined (0 events):
No events

Internal exceptions (0 events):
No events

VM Operations (0 events):
No events

Memory protections (0 events):
No events

Nmethod flushes (0 events):
No events

Events (0 events):
No events


Dynamic libraries:
0x00007ff79dce0000 - 0x00007ff79dcee000 	C:\Program Files\Microsoft\jdk-17.0.15.6-hotspot\bin\java.exe
0x00007fffb1b00000 - 0x00007fffb1d65000 	C:\WINDOWS\SYSTEM32\ntdll.dll
0x00007fff87d20000 - 0x00007fff87d40000 	C:\Program Files\Avast Software\Avast\aswhook.dll
0x00007fffb0220000 - 0x00007fffb02e9000 	C:\WINDOWS\System32\KERNEL32.DLL
0x00007fffaf4b0000 - 0x00007fffaf898000 	C:\WINDOWS\System32\KERNELBASE.dll
0x00007fffaf080000 - 0x00007fffaf1cb000 	C:\WINDOWS\System32\ucrtbase.dll
0x00007fff2f580000 - 0x00007fff2f597000 	C:\Program Files\Microsoft\jdk-17.0.15.6-hotspot\bin\jli.dll
0x00007fff2f200000 - 0x00007fff2f21d000 	C:\Program Files\Microsoft\jdk-17.0.15.6-hotspot\bin\VCRUNTIME140.dll
0x00007fff950b0000 - 0x00007fff9534a000 	C:\WINDOWS\WinSxS\amd64_microsoft.windows.common-controls_6595b64144ccf1df_6.0.26100.4202_none_3e0698d4e335f517\COMCTL32.dll
0x00007fffb09a0000 - 0x00007fffb0a49000 	C:\WINDOWS\System32\msvcrt.dll
0x00007fffb0fb0000 - 0x00007fffb0fdb000 	C:\WINDOWS\System32\GDI32.dll
0x00007fffaf340000 - 0x00007fffaf367000 	C:\WINDOWS\System32\win32u.dll
0x00007fffaf370000 - 0x00007fffaf4a7000 	C:\WINDOWS\System32\gdi32full.dll
0x00007fffaf290000 - 0x00007fffaf333000 	C:\WINDOWS\System32\msvcp_win.dll
0x00007fffb0c30000 - 0x00007fffb0dfa000 	C:\WINDOWS\System32\USER32.dll
0x00007fffb08e0000 - 0x00007fffb0910000 	C:\WINDOWS\System32\IMM32.DLL
0x00007fff2f1f0000 - 0x00007fff2f1fc000 	C:\Program Files\Microsoft\jdk-17.0.15.6-hotspot\bin\vcruntime140_1.dll
0x00007fff2f160000 - 0x00007fff2f1ed000 	C:\Program Files\Microsoft\jdk-17.0.15.6-hotspot\bin\msvcp140.dll
0x00007fff2e4e0000 - 0x00007fff2f152000 	C:\Program Files\Microsoft\jdk-17.0.15.6-hotspot\bin\server\jvm.dll
0x00007fffafa30000 - 0x00007fffafae3000 	C:\WINDOWS\System32\ADVAPI32.dll
0x00007fffb1100000 - 0x00007fffb11a6000 	C:\WINDOWS\System32\sechost.dll
0x00007fffb0fe0000 - 0x00007fffb10f5000 	C:\WINDOWS\System32\RPCRT4.dll
0x00007fffb1290000 - 0x00007fffb1304000 	C:\WINDOWS\System32\WS2_32.dll
0x00007fffa6cb0000 - 0x00007fffa6ce5000 	C:\WINDOWS\SYSTEM32\WINMM.dll
0x00007fffa6e00000 - 0x00007fffa6e0b000 	C:\WINDOWS\SYSTEM32\VERSION.dll
0x00007fffaeaa0000 - 0x00007fffaeafe000 	C:\WINDOWS\SYSTEM32\POWRPROF.dll
0x00007fffaea80000 - 0x00007fffaea94000 	C:\WINDOWS\SYSTEM32\UMPDC.dll
0x00007fffad8a0000 - 0x00007fffad8bb000 	C:\WINDOWS\SYSTEM32\kernel.appcore.dll
0x00007fff2e4d0000 - 0x00007fff2e4da000 	C:\Program Files\Microsoft\jdk-17.0.15.6-hotspot\bin\jimage.dll
0x00007fffa8120000 - 0x00007fffa8361000 	C:\WINDOWS\SYSTEM32\DBGHELP.DLL
0x00007fffb0370000 - 0x00007fffb06f5000 	C:\WINDOWS\System32\combase.dll
0x00007fffaf940000 - 0x00007fffafa21000 	C:\WINDOWS\System32\OLEAUT32.dll
0x00007fffa4a90000 - 0x00007fffa4ac9000 	C:\WINDOWS\SYSTEM32\dbgcore.DLL
0x00007fffaefe0000 - 0x00007fffaf079000 	C:\WINDOWS\System32\bcryptPrimitives.dll
0x00007fff2e4a0000 - 0x00007fff2e4c5000 	C:\Program Files\Microsoft\jdk-17.0.15.6-hotspot\bin\java.dll

dbghelp: loaded successfully - version: 4.0.5 - missing functions: none
symbol engine: initialized successfully - sym options: 0x614 - pdb path: .;C:\Program Files\Microsoft\jdk-17.0.15.6-hotspot\bin;C:\WINDOWS\SYSTEM32;C:\Program Files\Avast Software\Avast;C:\WINDOWS\WinSxS\amd64_microsoft.windows.common-controls_6595b64144ccf1df_6.0.26100.4202_none_3e0698d4e335f517;C:\Program Files\Microsoft\jdk-17.0.15.6-hotspot\bin\server

VM Arguments:
java_command: org.jetbrains.kotlin.cli.jvm.K2JVMCompiler @C:\Users\InfoTungston\Desktop\tijara\node_modules\@react-native-community\datetimepicker\android\build\20250627_6990756298416029714.compiler.options
java_class_path (initial): C:\Users\InfoTungston\.gradle\caches\modules-2\files-2.1\org.jetbrains.kotlin\kotlin-compiler-embeddable\2.0.21\79346ed53db48b18312a472602eb5c057070c54d\kotlin-compiler-embeddable-2.0.21.jar;C:\Users\InfoTungston\.gradle\caches\modules-2\files-2.1\org.jetbrains.kotlin\kotlin-stdlib\2.0.21\618b539767b4899b4660a83006e052b63f1db551\kotlin-stdlib-2.0.21.jar;C:\Users\InfoTungston\.gradle\caches\modules-2\files-2.1\org.jetbrains.kotlin\kotlin-script-runtime\2.0.21\c9b044380ad41f89aa89aa896c2d32a8c0b2129d\kotlin-script-runtime-2.0.21.jar;C:\Users\InfoTungston\.gradle\caches\modules-2\files-2.1\org.jetbrains.kotlin\kotlin-reflect\1.6.10\1cbe9c92c12a94eea200d23c2bbaedaf3daf5132\kotlin-reflect-1.6.10.jar;C:\Users\InfoTungston\.gradle\caches\modules-2\files-2.1\org.jetbrains.kotlin\kotlin-daemon-embeddable\2.0.21\c9e933b23287de9b5a17e2116b4657bb91aea72c\kotlin-daemon-embeddable-2.0.21.jar;C:\Users\InfoTungston\.gradle\caches\modules-2\files-2.1\org.jetbrains.intellij.deps\trove4j\1.0.20200330\3afb14d5f9ceb459d724e907a21145e8ff394f02\trove4j-1.0.20200330.jar;C:\Users\InfoTungston\.gradle\caches\modules-2\files-2.1\org.jetbrains.kotlinx\kotlinx-coroutines-core-jvm\1.6.4\2c997cd1c0ef33f3e751d3831929aeff1390cb30\kotlinx-coroutines-core-jvm-1.6.4.jar;C:\Users\InfoTungston\.gradle\caches\modules-2\files-2.1\org.jetbrains\annotations\13.0\919f0dfe192fb4e063e7dacadee7f8bb9a2672a9\annotations-13.0.jar
Launcher Type: SUN_STANDARD

[Global flags]
     intx CICompilerCount                          = 12                                        {product} {ergonomic}
     uint ConcGCThreads                            = 3                                         {product} {ergonomic}
     uint G1ConcRefinementThreads                  = 13                                        {product} {ergonomic}
   size_t G1HeapRegionSize                         = 2097152                                   {product} {ergonomic}
    uintx GCDrainStackTargetSize                   = 64                                        {product} {ergonomic}
   size_t InitialHeapSize                          = 257949696                                 {product} {ergonomic}
   size_t MarkStackSize                            = 4194304                                   {product} {ergonomic}
   size_t MaxHeapSize                              = 4106223616                                {product} {ergonomic}
   size_t MinHeapDeltaBytes                        = 2097152                                   {product} {ergonomic}
   size_t MinHeapSize                              = 8388608                                   {product} {ergonomic}
    uintx NonNMethodCodeHeapSize                   = 7602480                                {pd product} {ergonomic}
    uintx NonProfiledCodeHeapSize                  = 122027880                              {pd product} {ergonomic}
    uintx ProfiledCodeHeapSize                     = 122027880                              {pd product} {ergonomic}
    uintx ReservedCodeCacheSize                    = 251658240                              {pd product} {ergonomic}
     bool SegmentedCodeCache                       = true                                      {product} {ergonomic}
   size_t SoftMaxHeapSize                          = 4106223616                             {manageable} {ergonomic}
     bool UseCompressedClassPointers               = true                           {product lp64_product} {ergonomic}
     bool UseCompressedOops                        = true                           {product lp64_product} {ergonomic}
     bool UseG1GC                                  = true                                      {product} {ergonomic}
     bool UseLargePagesIndividualAllocation        = false                                  {pd product} {ergonomic}

Logging:
Log output configuration:
 #0: stdout all=warning uptime,level,tags
 #1: stderr all=off uptime,level,tags

Environment Variables:
JAVA_HOME=C:\Program Files\Microsoft\jdk-17.0.15.6-hotspot\
CLASSPATH=C:\Users\InfoTungston\Desktop\tijara\android\\gradle\wrapper\gradle-wrapper.jar
PATH=C:\Users\InfoTungston\Desktop\tijara\node_modules\.bin;C:\Users\InfoTungston\Desktop\tijara\node_modules\.bin;C:\Users\InfoTungston\Desktop\node_modules\.bin;C:\Users\InfoTungston\node_modules\.bin;C:\Users\node_modules\.bin;C:\node_modules\.bin;C:\Program Files\nodejs\node_modules\npm\node_modules\@npmcli\run-script\lib\node-gyp-bin;C:\Program Files\Microsoft\jdk-17.0.15.6-hotspot\bin;C:\Program Files (x86)\Common Files\Intel\Shared Libraries\redist\intel64\compiler;C:\WINDOWS\system32;C:\WINDOWS;C:\WINDOWS\System32\Wbem;C:\WINDOWS\System32\WindowsPowerShell\v1.0\;C:\WINDOWS\System32\OpenSSH\;C:\Program Files (x86)\NVIDIA Corporation\PhysX\Common;C:\Program Files\NVIDIA Corporation\NVIDIA NvDLISR;C:\Program Files\Git\cmd;C:\ProgramData\chocolatey\bin;C:\Program Files\nodejs\;C:\Users\InfoTungston\AppData\Local\Microsoft\WindowsApps;C:\Users\InfoTungston\AppData\Local\Programs\Microsoft VS Code\bin;C:\Program Files\MongoDB\Server\8.0\bin\;C:\Users\InfoTungston\AppData\Roaming\npm;C:\Program Files\Microsoft\jdk-17.0.15.6-hotspot\bin;C:\Users\InfoTungston\AppData\Local\Android\Sdk\platform-tools;C:\Users\InfoTungston\AppData\Local\Android\Sdk\tools;
USERNAME=InfoTungston
LANG=en_US.UTF-8
OS=Windows_NT
PROCESSOR_IDENTIFIER=AMD64 Family 25 Model 80 Stepping 0, AuthenticAMD
TMP=C:\Users\INFOTU~1\AppData\Local\Temp
TEMP=C:\Users\INFOTU~1\AppData\Local\Temp



Periodic native trim disabled


---------------  S Y S T E M  ---------------

OS:
 Windows 11 , 64 bit Build 26100 (10.0.26100.4202)
OS uptime: 0 days 4:57 hours
Hyper-V role detected

CPU: total 16 (initial active 16) (16 cores per cpu, 2 threads per core) family 25 model 80 stepping 0 microcode 0xa50000d, cx8, cmov, fxsr, ht, mmx, 3dnowpref, sse, sse2, sse3, ssse3, sse4a, sse4.1, sse4.2, popcnt, lzcnt, tsc, tscinvbit, avx, avx2, aes, erms, clmul, bmi1, bmi2, adx, sha, fma, vzeroupper, clflush, clflushopt, hv
Processor Information for the first 16 processors :
  Max Mhz: 3801, Current Mhz: 3801, Mhz Limit: 3801

Memory: 4k page, system-wide physical 15661M (1477M free)
TotalPageFile size 62765M (AvailPageFile size 95M)
current process WorkingSet (physical memory assigned to process): 12M, peak: 12M
current process commit charge ("private bytes"): 71M, peak: 317M

vm_info: OpenJDK 64-Bit Server VM (17.0.15+6-LTS) for windows-amd64 JRE (17.0.15+6-LTS), built on Apr  9 2025 22:27:25 by "MicrosoftCorporation" with unknown MS VC++:1939

END.
